#
# There is insufficient memory for the Java Runtime Environment to continue.
# Native memory allocation (malloc) failed to allocate 1048576 bytes for AllocateHeap
# Possible reasons:
#   The system is out of physical RAM or swap space
#   The process is running with CompressedOops enabled, and the Java Heap may be blocking the growth of the native heap
# Possible solutions:
#   Reduce memory load on the system
#   Increase physical memory or swap space
#   Check if swap backing store is full
#   Decrease Java heap size (-Xmx/-Xms)
#   Decrease number of Java threads
#   Decrease Java thread stack sizes (-Xss)
#   Set larger code cache with -XX:ReservedCodeCacheSize=
#   JVM is running with Unscaled Compressed Oops mode in which the Java heap is
#     placed in the first 4GB address space. The Java Heap base address is the
#     maximum limit for the native heap growth. Please use -XX:HeapBaseMinAddress
#     to set the Java Heap base and to place the Java Heap above 4GB virtual address.
# This output file may be truncated or incomplete.
#
#  Out of Memory Error (t:/workspace/open/src/hotspot/share/memory/allocation.cpp:46), pid=77588, tid=77636
#
# JRE version:  (12.0.1+12) (build )
# Java VM: Java HotSpot(TM) 64-Bit Server VM (12.0.1+12, mixed mode, aot, sharing, tiered, compressed oops, g1 gc, windows-amd64)
# No core dump will be written. Minidumps are not enabled by default on client versions of Windows
#

---------------  S U M M A R Y ------------

Command Line: -Dfile.encoding=GBK controller.SuperMarket

Host: Intel(R) Core(TM) i5-7200U CPU @ 2.50GHz, 4 cores, 7G,  Windows 10 , 64 bit Build 17134 (10.0.17134.753)
Time: Thu Dec 12 15:28:25 2019 ?D1®≤°¿®∫°¡?®∫°¿?? elapsed time: 0 seconds (0d 0h 0m 0s)

---------------  T H R E A D  ---------------

Current thread (0x00000226b44d4000):  JavaThread "Unknown thread" [_thread_in_vm, id=77636, stack(0x000000b634a00000,0x000000b634b00000)]

Stack: [0x000000b634a00000,0x000000b634b00000]
Native frames: (J=compiled Java code, j=interpreted, Vv=VM code, C=native code)
V  [jvm.dll+0x63948a]
V  [jvm.dll+0x78b31f]
V  [jvm.dll+0x78c9c1]
V  [jvm.dll+0x78d013]
V  [jvm.dll+0x262138]
V  [jvm.dll+0xbcd7f]
V  [jvm.dll+0x2f3209]
V  [jvm.dll+0x2e9c87]
V  [jvm.dll+0x7657a7]
V  [jvm.dll+0x766e95]
V  [jvm.dll+0x37f089]
V  [jvm.dll+0x749b14]
V  [jvm.dll+0x3ee48d]
V  [jvm.dll+0x3f03c1]
C  [jli.dll+0x51cf]
C  [ucrtbase.dll+0x1e3fe]
C  [KERNEL32.DLL+0x14034]
C  [ntdll.dll+0x73691]


---------------  P R O C E S S  ---------------

Threads class SMR info:
_java_thread_list=0x00007ffe9fff48e8, length=0, elements={
}

Java Threads: ( => current thread )

Other Threads:

[error occurred during error reporting (printing all threads), id 0xc0000005, EXCEPTION_ACCESS_VIOLATION (0xc0000005) at pc=0x00007ffe9fc6e887]

VM state:not at safepoint (not fully initialized)

VM Mutex/Monitor currently owned by a thread: None


[error occurred during error reporting (printing compressed oops mode), id 0xc0000005, EXCEPTION_ACCESS_VIOLATION (0xc0000005) at pc=0x00007ffe9fc86567]

GC Heap History (0 events):
No events

Deoptimization events (0 events):
No events

Classes redefined (0 events):
No events

Internal exceptions (0 events):
No events

Events (0 events):
No events


Dynamic libraries:
0x00007ff61d5d0000 - 0x00007ff61d5df000 	C:\Program Files\Java\jdk-12.0.1\bin\javaw.exe
0x00007ffed5190000 - 0x00007ffed5371000 	C:\WINDOWS\SYSTEM32\ntdll.dll
0x00007ffed35c0000 - 0x00007ffed3671000 	C:\WINDOWS\System32\KERNEL32.DLL
0x00007ffed1540000 - 0x00007ffed17b3000 	C:\WINDOWS\System32\KERNELBASE.dll
0x00007ffed19b0000 - 0x00007ffed1aa8000 	C:\WINDOWS\System32\ucrtbase.dll
0x00007ffecb680000 - 0x00007ffecb698000 	C:\Program Files\Java\jdk-12.0.1\bin\jli.dll
0x00007ffecb660000 - 0x00007ffecb676000 	C:\Program Files\Java\jdk-12.0.1\bin\VCRUNTIME140.dll
0x00007ffed29e0000 - 0x00007ffed2a81000 	C:\WINDOWS\System32\ADVAPI32.dll
0x00007ffed27e0000 - 0x00007ffed287e000 	C:\WINDOWS\System32\msvcrt.dll
0x00007ffed2780000 - 0x00007ffed27db000 	C:\WINDOWS\System32\sechost.dll
0x00007ffed3490000 - 0x00007ffed35b4000 	C:\WINDOWS\System32\RPCRT4.dll
0x00007ffed4f60000 - 0x00007ffed50f1000 	C:\WINDOWS\System32\USER32.dll
0x00007ffed25e0000 - 0x00007ffed2600000 	C:\WINDOWS\System32\win32u.dll
0x00007ffec8560000 - 0x00007ffec87c9000 	C:\WINDOWS\WinSxS\amd64_microsoft.windows.common-controls_6595b64144ccf1df_6.0.17134.1184_none_d403e8b37c8ca406\COMCTL32.dll
0x00007ffed26f0000 - 0x00007ffed2718000 	C:\WINDOWS\System32\GDI32.dll
0x00007ffed21c0000 - 0x00007ffed2351000 	C:\WINDOWS\System32\gdi32full.dll
0x00007ffed3680000 - 0x00007ffed39a1000 	C:\WINDOWS\System32\combase.dll
0x00007ffed2540000 - 0x00007ffed25df000 	C:\WINDOWS\System32\msvcp_win.dll
0x00007ffed23c0000 - 0x00007ffed2439000 	C:\WINDOWS\System32\bcryptPrimitives.dll
0x00007ffec5250000 - 0x00007ffec525a000 	C:\WINDOWS\SYSTEM32\VERSION.dll
0x00007ffed2dd0000 - 0x00007ffed2dfd000 	C:\WINDOWS\System32\IMM32.DLL
0x00007ffebaf00000 - 0x00007ffebafaa000 	C:\Program Files\Java\jdk-12.0.1\bin\msvcp140.dll
0x00007ffe9f520000 - 0x00007ffea0094000 	C:\Program Files\Java\jdk-12.0.1\bin\server\jvm.dll
0x00007ffed2dc0000 - 0x00007ffed2dc8000 	C:\WINDOWS\System32\PSAPI.DLL
0x00007ffecdb80000 - 0x00007ffecdba3000 	C:\WINDOWS\SYSTEM32\WINMM.dll
0x00007ffeb1d00000 - 0x00007ffeb1d09000 	C:\WINDOWS\SYSTEM32\WSOCK32.dll
0x00007ffed3a20000 - 0x00007ffed3a8c000 	C:\WINDOWS\System32\WS2_32.dll
0x00007ffecdb50000 - 0x00007ffecdb7a000 	C:\WINDOWS\SYSTEM32\winmmbase.dll
0x00007ffed2440000 - 0x00007ffed2489000 	C:\WINDOWS\System32\cfgmgr32.dll
0x00007ffed14e0000 - 0x00007ffed14f1000 	C:\WINDOWS\System32\kernel.appcore.dll
0x00007ffecbca0000 - 0x00007ffecbcb1000 	C:\Program Files\Java\jdk-12.0.1\bin\verify.dll
0x00007ffeb8e70000 - 0x00007ffeb9039000 	C:\WINDOWS\SYSTEM32\DBGHELP.DLL
0x00007ffeb8e10000 - 0x00007ffeb8e39000 	C:\WINDOWS\SYSTEM32\dbgcore.DLL
0x00007ffecbc70000 - 0x00007ffecbc96000 	C:\Program Files\Java\jdk-12.0.1\bin\java.dll
0x00007ffecbc50000 - 0x00007ffecbc67000 	C:\Program Files\Java\jdk-12.0.1\bin\zip.dll
0x00007ffeccc80000 - 0x00007ffeccc8a000 	C:\Program Files\Java\jdk-12.0.1\bin\jimage.dll

dbghelp: loaded successfully - version: 4.0.5 - missing functions: none
symbol engine: initialized successfully - sym options: 0x614 - pdb path: .;C:\Program Files\Java\jdk-12.0.1\bin;C:\WINDOWS\SYSTEM32;C:\WINDOWS\WinSxS\amd64_microsoft.windows.common-controls_6595b64144ccf1df_6.0.17134.1184_none_d403e8b37c8ca406;C:\Program Files\Java\jdk-12.0.1\bin\server

VM Arguments:
jvm_args: -Dfile.encoding=GBK 
java_command: controller.SuperMarket
java_class_path (initial): C:\software\eclipse-java-photon-R-win32-x86_64\eclipse\workspace\UIdbexercise\bin;C:\software\eclipse-java-photon-R-win32-x86_64\eclipse\workspace\UIdbexercise\lib\mysql-connector-java-5.0.4-bin.jar
Launcher Type: SUN_STANDARD

[Global flags]
     intx CICompilerCount                          = 3                                         {product} {ergonomic}
     uint G1ConcRefinementThreads                  = 4                                         {product} {ergonomic}
   size_t G1HeapRegionSize                         = 1048576                                   {product} {ergonomic}
    uintx GCDrainStackTargetSize                   = 64                                        {product} {ergonomic}
   size_t InitialHeapSize                          = 134217728                                 {product} {ergonomic}
   size_t MaxHeapSize                              = 2116026368                                {product} {ergonomic}
   size_t MinHeapDeltaBytes                        = 1048576                                   {product} {ergonomic}
    uintx NonNMethodCodeHeapSize                   = 5830732                                {pd product} {ergonomic}
    uintx NonProfiledCodeHeapSize                  = 122913754                              {pd product} {ergonomic}
    uintx ProfiledCodeHeapSize                     = 122913754                              {pd product} {ergonomic}
    uintx ReservedCodeCacheSize                    = 251658240                              {pd product} {ergonomic}
     bool SegmentedCodeCache                       = true                                      {product} {ergonomic}
     bool UseCompressedClassPointers               = true                                 {lp64_product} {ergonomic}
     bool UseCompressedOops                        = true                                 {lp64_product} {ergonomic}
     bool UseG1GC                                  = true                                      {product} {ergonomic}
     bool UseLargePagesIndividualAllocation        = false                                  {pd product} {ergonomic}

Logging:
Log output configuration:
 #0: stdout all=warning uptime,level,tags
 #1: stderr all=off uptime,level,tags

Environment Variables:
JAVA_HOME=C:\Program Files\Java\jdk-12.0.1
CLASSPATH=.;C:\Program Files\Java\jdk-12.0.1\lib\dt.jar;C:\Program Files\Java\jdk-12.0.1\lib\tools.jar;
PATH=C:/Program Files/Java/jdk-12.0.1/bin/server;C:/Program Files/Java/jdk-12.0.1/bin;C:\Program Files (x86)\Intel\iCLS Client\;C:\Program Files\Intel\iCLS Client\;C:\WINDOWS\system32;C:\WINDOWS;C:\WINDOWS\System32\Wbem;C:\WINDOWS\System32\WindowsPowerShell\v1.0\;C:\Program Files\Intel\WiFi\bin\;C:\Program Files\Common Files\Intel\WirelessCommon\;C:\Program Files (x86)\Intel\Intel(R) Management Engine Components\DAL;C:\Program Files\Intel\Intel(R) Management Engine Components\DAL;C:\Program Files (x86)\Intel\Intel(R) Management Engine Components\IPT;C:\Program Files\Intel\Intel(R) Management Engine Components\IPT;C:\WINDOWS\System32\OpenSSH\;C:\Program Files (x86)\Windows Kits\8.1\Windows Performance Toolkit\;C:\Program Files\Microsoft SQL Server\110\Tools\Binn\ C:\Program Files\Java\jdk-12.0.1\bin;C:\Program Files\Java\jdk-12.0.1\bin;C:\Program Files\Java\jdk-12.0.1\jre\bin;C:\strawberry\c\bin;C:\strawberry\perl\bin;C:\Users\Õı ¿¡÷\AppData\Local\Microsoft\WindowsApps;;C:\software\eclipse-java-photon-R-win32-x86_64\eclipse;
USERNAME=WSL
OS=Windows_NT
PROCESSOR_IDENTIFIER=Intel64 Family 6 Model 142 Stepping 9, GenuineIntel



---------------  S Y S T E M  ---------------

OS: Windows 10 , 64 bit Build 17134 (10.0.17134.753)

CPU:total 4 (initial active 4) (2 cores per cpu, 2 threads per core) family 6 model 142 stepping 9, cmov, cx8, fxsr, mmx, sse, sse2, sse3, ssse3, sse4.1, sse4.2, popcnt, avx, avx2, aes, clmul, erms, 3dnowpref, lzcnt, ht, tsc, tscinvbit, bmi1, bmi2, adx, fma

Memory: 4k page, system-wide physical 8069M (2760M free)
TotalPageFile size 32645M (AvailPageFile size 5M)
current process WorkingSet (physical memory assigned to process): 9M, peak: 9M
current process commit charge ("private bytes"): 13M, peak: 14M

vm_info: Java HotSpot(TM) 64-Bit Server VM (12.0.1+12) for windows-amd64 JRE (12.0.1+12), built on Apr  2 2019 14:02:19 by "mach5one" with MS VC++ 15.5 (VS2017)

END.
